# JRE version: Java(TM) SE Runtime Environment (15.0+36) (build 15+36-1562)
# Java VM: Java HotSpot(TM) 64-Bit Server VM (15+36-1562, mixed mode, sharing, tiered, compressed oops, g1 gc, windows-amd64)
GC Precious Log:
 CPUs: 16 total, 16 available
 Memory: 32690M
 Large Page Support: Disabled
 NUMA Support: Disabled
 Compressed Oops: Enabled (Zero based)
 Heap Region Size: 4M
 Heap Min Capacity: 8M
 Heap Initial Capacity: 512M
 Heap Max Capacity: 8176M
 Pre-touch: Disabled
 Parallel Workers: 13
 Concurrent Workers: 3
 Concurrent Refinement Workers: 13
 Periodic GC: Disabled
Heap:
 garbage-first heap   total 524288K, used 125419K [0x0000000601000000, 0x0000000800000000)
  region size 4096K, 26 young (106496K), 4 survivors (16384K)
 Metaspace       used 12705K, capacity 12932K, committed 13184K, reserved 1060864K
  class space    used 1289K, capacity 1369K, committed 1408K, reserved 1048576K
GC Heap History (18 events):
Event: 0.352 GC heap before
{Heap before GC invocations=0 (full 0):
 garbage-first heap   total 524288K, used 20480K [0x0000000601000000, 0x0000000800000000)
  region size 4096K, 6 young (24576K), 0 survivors (0K)
 Metaspace       used 4303K, capacity 4772K, committed 4864K, reserved 1056768K
  class space    used 401K, capacity 454K, committed 512K, reserved 1048576K
}
Event: 0.354 GC heap after
{Heap after GC invocations=1 (full 0):
 garbage-first heap   total 524288K, used 8595K [0x0000000601000000, 0x0000000800000000)
  region size 4096K, 1 young (4096K), 1 survivors (4096K)
 Metaspace       used 4303K, capacity 4772K, committed 4864K, reserved 1056768K
  class space    used 401K, capacity 454K, committed 512K, reserved 1048576K
}
Event: 0.484 GC heap before
{Heap before GC invocations=1 (full 0):
 garbage-first heap   total 524288K, used 29075K [0x0000000601000000, 0x0000000800000000)
  region size 4096K, 6 young (24576K), 1 survivors (4096K)
 Metaspace       used 4310K, capacity 4772K, committed 4864K, reserved 1056768K
  class space    used 401K, capacity 454K, committed 512K, reserved 1048576K
}
Event: 0.485 GC heap after
{Heap after GC invocations=2 (full 0):
 garbage-first heap   total 524288K, used 22406K [0x0000000601000000, 0x0000000800000000)
  region size 4096K, 1 young (4096K), 1 survivors (4096K)
 Metaspace       used 4310K, capacity 4772K, committed 4864K, reserved 1056768K
  class space    used 401K, capacity 454K, committed 512K, reserved 1048576K
}
Event: 1.134 GC heap before
{Heap before GC invocations=2 (full 0):
 garbage-first heap   total 524288K, used 51078K [0x0000000601000000, 0x0000000800000000)
  region size 4096K, 9 young (36864K), 1 survivors (4096K)
 Metaspace       used 10996K, capacity 11211K, committed 11520K, reserved 1058816K
  class space    used 1153K, capacity 1201K, committed 1280K, reserved 1048576K
}
Event: 1.137 GC heap after
{Heap after GC invocations=3 (full 0):
 garbage-first heap   total 524288K, used 30574K [0x0000000601000000, 0x0000000800000000)
  region size 4096K, 2 young (8192K), 2 survivors (8192K)
 Metaspace       used 10996K, capacity 11211K, committed 11520K, reserved 1058816K
  class space    used 1153K, capacity 1201K, committed 1280K, reserved 1048576K
}
Event: 6.824 GC heap before
{Heap before GC invocations=3 (full 0):
 garbage-first heap   total 524288K, used 100206K [0x0000000601000000, 0x0000000800000000)
  region size 4096K, 20 young (81920K), 2 survivors (8192K)
 Metaspace       used 12631K, capacity 12804K, committed 12928K, reserved 1060864K
  class space    used 1288K, capacity 1369K, committed 1408K, reserved 1048576K
}
Event: 6.827 GC heap after
{Heap after GC invocations=4 (full 0):
 garbage-first heap   total 524288K, used 38781K [0x0000000601000000, 0x0000000800000000)
  region size 4096K, 3 young (12288K), 3 survivors (12288K)
 Metaspace       used 12631K, capacity 12804K, committed 12928K, reserved 1060864K
  class space    used 1288K, capacity 1369K, committed 1408K, reserved 1048576K
}
Event: 36.057 GC heap before
{Heap before GC invocations=4 (full 0):
 garbage-first heap   total 524288K, used 337789K [0x0000000601000000, 0x0000000800000000)
  region size 4096K, 76 young (311296K), 3 survivors (12288K)
 Metaspace       used 12699K, capacity 12932K, committed 13184K, reserved 1060864K
  class space    used 1288K, capacity 1369K, committed 1408K, reserved 1048576K
}
Event: 36.060 GC heap after
{Heap after GC invocations=5 (full 0):
 garbage-first heap   total 524288K, used 39160K [0x0000000601000000, 0x0000000800000000)
  region size 4096K, 4 young (16384K), 4 survivors (16384K)
 Metaspace       used 12699K, capacity 12932K, committed 13184K, reserved 1060864K
  class space    used 1288K, capacity 1369K, committed 1408K, reserved 1048576K
}
Event: 65.607 GC heap before
{Heap before GC invocations=5 (full 0):
 garbage-first heap   total 524288K, used 334072K [0x0000000601000000, 0x0000000800000000)
  region size 4096K, 76 young (311296K), 4 survivors (16384K)
 Metaspace       used 12699K, capacity 12932K, committed 13184K, reserved 1060864K
  class space    used 1288K, capacity 1369K, committed 1408K, reserved 1048576K
}
Event: 65.609 GC heap after
{Heap after GC invocations=6 (full 0):
 garbage-first heap   total 524288K, used 39254K [0x0000000601000000, 0x0000000800000000)
  region size 4096K, 4 young (16384K), 4 survivors (16384K)
 Metaspace       used 12699K, capacity 12932K, committed 13184K, reserved 1060864K
  class space    used 1288K, capacity 1369K, committed 1408K, reserved 1048576K
}
Event: 95.174 GC heap before
{Heap before GC invocations=6 (full 0):
 garbage-first heap   total 524288K, used 334166K [0x0000000601000000, 0x0000000800000000)
  region size 4096K, 76 young (311296K), 4 survivors (16384K)
 Metaspace       used 12699K, capacity 12932K, committed 13184K, reserved 1060864K
  class space    used 1288K, capacity 1369K, committed 1408K, reserved 1048576K
}
Event: 95.176 GC heap after
{Heap after GC invocations=7 (full 0):
 garbage-first heap   total 524288K, used 39337K [0x0000000601000000, 0x0000000800000000)
  region size 4096K, 4 young (16384K), 4 survivors (16384K)
 Metaspace       used 12699K, capacity 12932K, committed 13184K, reserved 1060864K
  class space    used 1288K, capacity 1369K, committed 1408K, reserved 1048576K
}
Event: 124.808 GC heap before
{Heap before GC invocations=7 (full 0):
 garbage-first heap   total 524288K, used 334249K [0x0000000601000000, 0x0000000800000000)
  region size 4096K, 76 young (311296K), 4 survivors (16384K)
 Metaspace       used 12699K, capacity 12932K, committed 13184K, reserved 1060864K
  class space    used 1288K, capacity 1369K, committed 1408K, reserved 1048576K
}
Event: 124.810 GC heap after
{Heap after GC invocations=8 (full 0):
 garbage-first heap   total 524288K, used 39479K [0x0000000601000000, 0x0000000800000000)
  region size 4096K, 4 young (16384K), 4 survivors (16384K)
 Metaspace       used 12699K, capacity 12932K, committed 13184K, reserved 1060864K
  class space    used 1288K, capacity 1369K, committed 1408K, reserved 1048576K
}
Event: 154.474 GC heap before
{Heap before GC invocations=8 (full 0):
 garbage-first heap   total 524288K, used 334391K [0x0000000601000000, 0x0000000800000000)
  region size 4096K, 76 young (311296K), 4 survivors (16384K)
 Metaspace       used 12700K, capacity 12932K, committed 13184K, reserved 1060864K
  class space    used 1288K, capacity 1369K, committed 1408K, reserved 1048576K
}
Event: 154.476 GC heap after
{Heap after GC invocations=9 (full 0):
 garbage-first heap   total 524288K, used 39403K [0x0000000601000000, 0x0000000800000000)
  region size 4096K, 4 young (16384K), 4 survivors (16384K)
 Metaspace       used 12700K, capacity 12932K, committed 13184K, reserved 1060864K
  class space    used 1288K, capacity 1369K, committed 1408K, reserved 1048576K
}

